flag provided but not defined: -datadir../
INFO [08-04|10:13:49] Starting peer-to-peer node               instance=Geth/v1.7.2-stable-43424382/linux-amd64/go1.7.3
INFO [08-04|10:13:49] Allocated cache and file handles         database=/media/ubuntu/HDD/Proyectos-IntelliJ/giveliback/qdata/node1/geth/chaindata cache=128 handles=1024
INFO [08-04|10:13:49] Writing default main-net genesis block 
INFO [08-04|10:13:50] Initialised chain configuration          config="{ChainID: 1 Homestead: 1150000 DAO: 1920000 DAOSupport: true EIP150: 2463000 EIP155: 2675000 EIP158: 2675000 Byzantium: 4370000 IsQuorum: false Engine: ethash}"
WARN [08-04|10:13:50] Ethash used in full fake mode 
INFO [08-04|10:13:50] Initialising Ethereum protocol           versions="[63 62]" network=1
INFO [08-04|10:13:50] Loaded most recent local header          number=0 hash=d4e567…cb8fa3 td=17179869184
INFO [08-04|10:13:50] Loaded most recent local full block      number=0 hash=d4e567…cb8fa3 td=17179869184
INFO [08-04|10:13:50] Loaded most recent local fast block      number=0 hash=d4e567…cb8fa3 td=17179869184
INFO [08-04|10:13:50] Regenerated local transaction journal    transactions=0 accounts=0
Fatal: failed to find local enode ID (93663f17d80ee8621b68658910c58df1ad4fb3a3a367bc896758a6b8fad4a43cba3f2b121042f19542ee33322402547ea899fc090fedb35fd3f330686a55f3fb) amongst peer IDs: [b4945fe2fcb48ea4220ebebafaae112579732a452559fcfbadd0d74cb96f748174126988ed097e074e1ff74c10c0ede06ce5ea87246dd89293d082f7944bb710]
INFO [08-04|10:15:56] Allocated cache and file handles         database=/media/ubuntu/HDD/Proyectos-IntelliJ/giveliback/qdata/node1/geth/chaindata cache=16 handles=16
Fatal: Failed to write genesis block: database already contains an incompatible genesis block (have d4e56740f876aef8, new 64e3f2590db3fc01)
INFO [08-04|10:16:46] Allocated cache and file handles         database=/media/ubuntu/HDD/Proyectos-IntelliJ/giveliback/qdata/node1/geth/chaindata cache=16 handles=16
Fatal: Failed to write genesis block: database already contains an incompatible genesis block (have d4e56740f876aef8, new 64e3f2590db3fc01)
Fatal: Failed to read genesis file: open genesis.json: no such file or directory
INFO [08-04|10:23:07] Allocated cache and file handles         database=/media/ubuntu/HDD/Proyectos-IntelliJ/giveliback/qdata/node1/geth/chaindata cache=16 handles=16
Fatal: Failed to write genesis block: database already contains an incompatible genesis block (have d4e56740f876aef8, new 6a6605601e17bbfb)
INFO [08-04|10:24:26] Allocated cache and file handles         database=/media/ubuntu/HDD/Proyectos-IntelliJ/giveliback/qdata/node1/geth/chaindata cache=16 handles=16
Fatal: Failed to write genesis block: database already contains an incompatible genesis block (have d4e56740f876aef8, new 32afc79478e327e4)
INFO [08-04|10:34:54] Allocated cache and file handles         database=/media/ubuntu/HDD/Proyectos-IntelliJ/giveliback/qdata/node1/geth/chaindata cache=16 handles=16
Fatal: Failed to write genesis block: database already contains an incompatible genesis block (have d4e56740f876aef8, new 32afc79478e327e4)
INFO [08-04|10:36:47] Allocated cache and file handles         database=/media/ubuntu/HDD/Proyectos-IntelliJ/giveliback/qdata/node1/geth/chaindata cache=16 handles=16
Fatal: Failed to write genesis block: database already contains an incompatible genesis block (have d4e56740f876aef8, new 32afc79478e327e4)
INFO [08-04|10:37:39] Allocated cache and file handles         database=/media/ubuntu/HDD/Proyectos-IntelliJ/giveliback/qdata/node1/geth/chaindata cache=16 handles=16
Fatal: Failed to write genesis block: database already contains an incompatible genesis block (have d4e56740f876aef8, new 32afc79478e327e4)
INFO [08-04|10:38:20] Allocated cache and file handles         database=/media/ubuntu/HDD/Proyectos-IntelliJ/giveliback/qdata/node1/geth/chaindata cache=16 handles=16
Fatal: Failed to write genesis block: database already contains an incompatible genesis block (have d4e56740f876aef8, new 32afc79478e327e4)
quorum_bingeth: no se encontró la orden
quorum_bingeth: no se encontró la orden
WARN [08-04|10:49:22] No etherbase set and no accounts found as default 
INFO [08-04|10:49:22] Allocated cache and file handles         database=/media/ubuntu/HDD/Proyectos-IntelliJ/giveliback/qdata/node1/geth/chaindata cache=16 handles=16
INFO [08-04|10:49:22] Writing custom genesis block 
INFO [08-04|10:49:22] Successfully wrote genesis state         database=chaindata                                                                  hash=64e3f2…8aeb0e
INFO [08-04|10:49:22] Allocated cache and file handles         database=/media/ubuntu/HDD/Proyectos-IntelliJ/giveliback/qdata/node1/geth/lightchaindata cache=16 handles=16
INFO [08-04|10:49:22] Writing custom genesis block 
INFO [08-04|10:49:22] Successfully wrote genesis state         database=lightchaindata                                                                  hash=64e3f2…8aeb0e
INFO [08-04|10:50:45] Starting peer-to-peer node               instance=Geth/v1.7.2-stable-43424382/linux-amd64/go1.7.3
INFO [08-04|10:50:45] Allocated cache and file handles         database=/media/ubuntu/HDD/Proyectos-IntelliJ/giveliback/qdata/node1/geth/chaindata cache=128 handles=1024
WARN [08-04|10:50:45] Upgrading database to use lookup entries 
INFO [08-04|10:50:45] Initialised chain configuration          config="{ChainID: 10 Homestead: <nil> DAO: <nil> DAOSupport: false EIP150: 1 EIP155: 0 EIP158: 1 Byzantium: 1 IsQuorum: true Engine: unknown}"
WARN [08-04|10:50:45] Ethash used in full fake mode 
INFO [08-04|10:50:45] Initialising Ethereum protocol           versions="[63 62]" network=1
INFO [08-04|10:50:45] Database deduplication successful        deduped=0
INFO [08-04|10:50:45] Loaded most recent local header          number=0 hash=64e3f2…8aeb0e td=0
INFO [08-04|10:50:45] Loaded most recent local full block      number=0 hash=64e3f2…8aeb0e td=0
INFO [08-04|10:50:45] Loaded most recent local fast block      number=0 hash=64e3f2…8aeb0e td=0
INFO [08-04|10:50:45] Regenerated local transaction journal    transactions=0 accounts=0
Fatal: failed to find local enode ID (7759acdae69f38cac9aae3f57724f47ff9e413fc8c3a011a2336c3dff9eab342e12cbc28d321a55866c38558c36669a66196319de4e3703691a192b83f133e04) amongst peer IDs: [b4945fe2fcb48ea4220ebebafaae112579732a452559fcfbadd0d74cb96f748174126988ed097e074e1ff74c10c0ede06ce5ea87246dd89293d082f7944bb710]
INFO [08-04|10:52:32] Starting peer-to-peer node               instance=Geth/v1.7.2-stable-43424382/linux-amd64/go1.7.3
INFO [08-04|10:52:32] Allocated cache and file handles         database=/media/ubuntu/HDD/Proyectos-IntelliJ/giveliback/qdata/node1/geth/chaindata cache=128 handles=1024
INFO [08-04|10:52:32] Initialised chain configuration          config="{ChainID: 10 Homestead: <nil> DAO: <nil> DAOSupport: false EIP150: 1 EIP155: 0 EIP158: 1 Byzantium: 1 IsQuorum: true Engine: unknown}"
WARN [08-04|10:52:32] Ethash used in full fake mode 
INFO [08-04|10:52:32] Initialising Ethereum protocol           versions="[63 62]" network=1
INFO [08-04|10:52:32] Loaded most recent local header          number=0 hash=64e3f2…8aeb0e td=0
INFO [08-04|10:52:32] Loaded most recent local full block      number=0 hash=64e3f2…8aeb0e td=0
INFO [08-04|10:52:32] Loaded most recent local fast block      number=0 hash=64e3f2…8aeb0e td=0
INFO [08-04|10:52:32] Loaded local transaction journal         transactions=0 dropped=0
INFO [08-04|10:52:32] Regenerated local transaction journal    transactions=0 accounts=0
Fatal: failed to find local enode ID (7759acdae69f38cac9aae3f57724f47ff9e413fc8c3a011a2336c3dff9eab342e12cbc28d321a55866c38558c36669a66196319de4e3703691a192b83f133e04) amongst peer IDs: [b4945fe2fcb48ea4220ebebafaae112579732a452559fcfbadd0d74cb96f748174126988ed097e074e1ff74c10c0ede06ce5ea87246dd89293d082f7944bb710]
INFO [08-04|10:52:37] Starting peer-to-peer node               instance=Geth/v1.7.2-stable-43424382/linux-amd64/go1.7.3
INFO [08-04|10:52:37] Allocated cache and file handles         database=/media/ubuntu/HDD/Proyectos-IntelliJ/giveliback/qdata/node2/geth/chaindata cache=128 handles=1024
WARN [08-04|10:52:37] Upgrading database to use lookup entries 
INFO [08-04|10:52:37] Initialised chain configuration          config="{ChainID: 10 Homestead: <nil> DAO: <nil> DAOSupport: false EIP150: 1 EIP155: 0 EIP158: 1 Byzantium: 1 IsQuorum: true Engine: unknown}"
WARN [08-04|10:52:37] Ethash used in full fake mode 
INFO [08-04|10:52:37] Initialising Ethereum protocol           versions="[63 62]" network=1
INFO [08-04|10:52:37] Database deduplication successful        deduped=0
INFO [08-04|10:52:37] Loaded most recent local header          number=0 hash=64e3f2…8aeb0e td=0
INFO [08-04|10:52:37] Loaded most recent local full block      number=0 hash=64e3f2…8aeb0e td=0
INFO [08-04|10:52:37] Loaded most recent local fast block      number=0 hash=64e3f2…8aeb0e td=0
INFO [08-04|10:52:37] Regenerated local transaction journal    transactions=0 accounts=0
Fatal: Raft-based consensus requires either (1) an initial peers list (in static-nodes.json) including this enode hash (fae7660b302b93184bebc6992438d4e4a9d6c5bafae15f5aacf27fbe370266512d2248d055d078e9fe6f522422af28574d75d463fc45b2187ff5ca3585c72793), or (2) the flag --raftjoinexisting RAFT_ID, where RAFT_ID has been issued by an existing cluster member calling `raft.addPeer(ENODE_ID)` with an enode ID containing this node's enode hash.
INFO [08-04|10:52:56] Starting peer-to-peer node               instance=Geth/v1.7.2-stable-43424382/linux-amd64/go1.7.3
INFO [08-04|10:52:56] Allocated cache and file handles         database=/media/ubuntu/HDD/Proyectos-IntelliJ/giveliback/qdata/node1/geth/chaindata cache=128 handles=1024
INFO [08-04|10:52:56] Initialised chain configuration          config="{ChainID: 10 Homestead: <nil> DAO: <nil> DAOSupport: false EIP150: 1 EIP155: 0 EIP158: 1 Byzantium: 1 IsQuorum: true Engine: unknown}"
WARN [08-04|10:52:56] Ethash used in full fake mode 
INFO [08-04|10:52:56] Initialising Ethereum protocol           versions="[63 62]" network=1
INFO [08-04|10:52:56] Loaded most recent local header          number=0 hash=64e3f2…8aeb0e td=0
INFO [08-04|10:52:56] Loaded most recent local full block      number=0 hash=64e3f2…8aeb0e td=0
INFO [08-04|10:52:56] Loaded most recent local fast block      number=0 hash=64e3f2…8aeb0e td=0
INFO [08-04|10:52:56] Loaded local transaction journal         transactions=0 dropped=0
INFO [08-04|10:52:56] Regenerated local transaction journal    transactions=0 accounts=0
Fatal: failed to find local enode ID (7759acdae69f38cac9aae3f57724f47ff9e413fc8c3a011a2336c3dff9eab342e12cbc28d321a55866c38558c36669a66196319de4e3703691a192b83f133e04) amongst peer IDs: [b4945fe2fcb48ea4220ebebafaae112579732a452559fcfbadd0d74cb96f748174126988ed097e074e1ff74c10c0ede06ce5ea87246dd89293d082f7944bb710]
INFO [08-04|10:55:05] Starting peer-to-peer node               instance=Geth/v1.7.2-stable-43424382/linux-amd64/go1.7.3
INFO [08-04|10:55:05] Allocated cache and file handles         database=/media/ubuntu/HDD/Proyectos-IntelliJ/giveliback/qdata/node1/geth/chaindata cache=128 handles=1024
INFO [08-04|10:55:06] Initialised chain configuration          config="{ChainID: 10 Homestead: <nil> DAO: <nil> DAOSupport: false EIP150: 1 EIP155: 0 EIP158: 1 Byzantium: 1 IsQuorum: true Engine: unknown}"
WARN [08-04|10:55:06] Ethash used in full fake mode 
INFO [08-04|10:55:06] Initialising Ethereum protocol           versions="[63 62]" network=1
INFO [08-04|10:55:06] Loaded most recent local header          number=0 hash=64e3f2…8aeb0e td=0
INFO [08-04|10:55:06] Loaded most recent local full block      number=0 hash=64e3f2…8aeb0e td=0
INFO [08-04|10:55:06] Loaded most recent local fast block      number=0 hash=64e3f2…8aeb0e td=0
INFO [08-04|10:55:06] Loaded local transaction journal         transactions=0 dropped=0
INFO [08-04|10:55:06] Regenerated local transaction journal    transactions=0 accounts=0
INFO [08-04|10:55:06] Starting P2P networking 
INFO [08-04|10:55:06] RLPx listener up                         self="enode://7759acdae69f38cac9aae3f57724f47ff9e413fc8c3a011a2336c3dff9eab342e12cbc28d321a55866c38558c36669a66196319de4e3703691a192b83f133e04@[::]:21000?discport=0"
INFO [08-04|10:55:06] IPC endpoint opened: /media/ubuntu/HDD/Proyectos-IntelliJ/giveliback/qdata/node1/geth.ipc 
INFO [08-04|10:55:06] HTTP endpoint opened: http://0.0.0.0:22000 
INFO [08-04|10:56:30] Got interrupt, shutting down... 
INFO [08-04|10:56:30] HTTP endpoint closed: http://0.0.0.0:22000 
INFO [08-04|10:56:30] IPC endpoint closed: /media/ubuntu/HDD/Proyectos-IntelliJ/giveliback/qdata/node1/geth.ipc 
INFO [08-04|10:56:30] Blockchain manager stopped 
INFO [08-04|10:56:30] Stopping Ethereum protocol 
INFO [08-04|10:56:30] Ethereum protocol stopped 
INFO [08-04|10:56:30] Transaction pool stopped 
INFO [08-04|10:56:30] Database closed                          database=/media/ubuntu/HDD/Proyectos-IntelliJ/giveliback/qdata/node1/geth/chaindata
INFO [08-04|11:00:22] Starting peer-to-peer node               instance=Geth/v1.7.2-stable-43424382/linux-amd64/go1.7.3
INFO [08-04|11:00:22] Allocated cache and file handles         database=/media/ubuntu/HDD/Proyectos-IntelliJ/giveliback/qdata/node1/geth/chaindata cache=128 handles=1024
INFO [08-04|11:00:22] Initialised chain configuration          config="{ChainID: 10 Homestead: <nil> DAO: <nil> DAOSupport: false EIP150: 1 EIP155: 0 EIP158: 1 Byzantium: 1 IsQuorum: true Engine: unknown}"
WARN [08-04|11:00:22] Ethash used in full fake mode 
INFO [08-04|11:00:22] Initialising Ethereum protocol           versions="[63 62]" network=1
INFO [08-04|11:00:22] Loaded most recent local header          number=0 hash=64e3f2…8aeb0e td=0
INFO [08-04|11:00:22] Loaded most recent local full block      number=0 hash=64e3f2…8aeb0e td=0
INFO [08-04|11:00:22] Loaded most recent local fast block      number=0 hash=64e3f2…8aeb0e td=0
INFO [08-04|11:00:22] Loaded local transaction journal         transactions=0 dropped=0
INFO [08-04|11:00:22] Regenerated local transaction journal    transactions=0 accounts=0
Fatal: failed to find local enode ID (7759acdae69f38cac9aae3f57724f47ff9e413fc8c3a011a2336c3dff9eab342e12cbc28d321a55866c38558c36669a66196319de4e3703691a192b83f133e04) amongst peer IDs: [97df36859bcce4b644464f748b29dc433fa3bc142d2e00fe29834758d82576db6933ec1af1f92bbb5dcee5a5891a3124a7f32faf2657f62630ddf75bf9194ddf]
INFO [08-04|11:01:26] Starting peer-to-peer node               instance=Geth/v1.7.2-stable-43424382/linux-amd64/go1.7.3
INFO [08-04|11:01:26] Allocated cache and file handles         database=/media/ubuntu/HDD/Proyectos-IntelliJ/giveliback/qdata/node1/geth/chaindata cache=128 handles=1024
INFO [08-04|11:01:26] Initialised chain configuration          config="{ChainID: 10 Homestead: <nil> DAO: <nil> DAOSupport: false EIP150: 1 EIP155: 0 EIP158: 1 Byzantium: 1 IsQuorum: true Engine: unknown}"
WARN [08-04|11:01:26] Ethash used in full fake mode 
INFO [08-04|11:01:26] Initialising Ethereum protocol           versions="[63 62]" network=1
INFO [08-04|11:01:26] Loaded most recent local header          number=0 hash=64e3f2…8aeb0e td=0
INFO [08-04|11:01:26] Loaded most recent local full block      number=0 hash=64e3f2…8aeb0e td=0
INFO [08-04|11:01:26] Loaded most recent local fast block      number=0 hash=64e3f2…8aeb0e td=0
INFO [08-04|11:01:26] Loaded local transaction journal         transactions=0 dropped=0
INFO [08-04|11:01:26] Regenerated local transaction journal    transactions=0 accounts=0
INFO [08-04|11:01:26] Starting P2P networking 
INFO [08-04|11:01:26] RLPx listener up                         self="enode://7759acdae69f38cac9aae3f57724f47ff9e413fc8c3a011a2336c3dff9eab342e12cbc28d321a55866c38558c36669a66196319de4e3703691a192b83f133e04@[::]:21000?discport=0"
INFO [08-04|11:01:26] starting raft protocol handler 
INFO [08-04|11:01:26] loaded the latest applied index          lastAppliedIndex=0
INFO [08-04|11:01:26] replaying WAL 
INFO [08-04|11:01:26] loading WAL                              term=0 index=0
INFO [08-04|11:01:26] startRaft                                raft ID=1
INFO [08-04|11:01:26] starting a new raft log                  initial cluster size of=1
raft2018/08/04 11:01:26 INFO: 1 became follower at term 0
raft2018/08/04 11:01:26 INFO: newRaft 1 [peers: [], term: 0, commit: 0, applied: 0, lastindex: 0, lastterm: 0]
raft2018/08/04 11:01:26 INFO: 1 became follower at term 1
INFO [08-04|11:01:26] ignoring expected ConfChangeAddNode for initial peer raft id=1
INFO [08-04|11:01:26] start snapshot                           applied index=0 last snapshot index=0
INFO [08-04|11:01:26] IPC endpoint opened: /media/ubuntu/HDD/Proyectos-IntelliJ/giveliback/qdata/node1/geth.ipc 
INFO [08-04|11:01:26] HTTP endpoint opened: http://0.0.0.0:22000 
INFO [08-04|11:01:26] compacted log                            index=0
INFO [08-04|11:01:26] persisted the latest applied index       index=1
Fatal: Could not list accounts: index 0 higher than number of accounts 0
INFO [08-04|11:02:37] Starting peer-to-peer node               instance=Geth/v1.7.2-stable-43424382/linux-amd64/go1.7.3
INFO [08-04|11:02:37] Allocated cache and file handles         database=/media/ubuntu/HDD/Proyectos-IntelliJ/giveliback/qdata/node1/geth/chaindata cache=128 handles=1024
INFO [08-04|11:02:37] Initialised chain configuration          config="{ChainID: 10 Homestead: <nil> DAO: <nil> DAOSupport: false EIP150: 1 EIP155: 0 EIP158: 1 Byzantium: 1 IsQuorum: true Engine: unknown}"
WARN [08-04|11:02:37] Ethash used in full fake mode 
INFO [08-04|11:02:37] Initialising Ethereum protocol           versions="[63 62]" network=1
INFO [08-04|11:02:37] Loaded most recent local header          number=0 hash=64e3f2…8aeb0e td=0
INFO [08-04|11:02:37] Loaded most recent local full block      number=0 hash=64e3f2…8aeb0e td=0
INFO [08-04|11:02:37] Loaded most recent local fast block      number=0 hash=64e3f2…8aeb0e td=0
INFO [08-04|11:02:37] Loaded local transaction journal         transactions=0 dropped=0
INFO [08-04|11:02:37] Regenerated local transaction journal    transactions=0 accounts=0
INFO [08-04|11:02:37] Starting P2P networking 
INFO [08-04|11:02:37] starting raft protocol handler 
INFO [08-04|11:02:37] loaded the latest applied index          lastAppliedIndex=1
INFO [08-04|11:02:37] RLPx listener up                         self="enode://7759acdae69f38cac9aae3f57724f47ff9e413fc8c3a011a2336c3dff9eab342e12cbc28d321a55866c38558c36669a66196319de4e3703691a192b83f133e04@[::]:21000?discport=0"
INFO [08-04|11:02:37] loading snapshot 
INFO [08-04|11:02:37] applying snapshot to raft storage 
INFO [08-04|11:02:37] updating cluster membership per raft snapshot 
INFO [08-04|11:02:37] updated cluster membership 
INFO [08-04|11:02:37] blockchain is caught up; no need to synchronize 
INFO [08-04|11:02:37] replaying WAL 
INFO [08-04|11:02:37] loading WAL                              term=0 index=0
INFO [08-04|11:02:37] startRaft                                raft ID=1
INFO [08-04|11:02:37] remounting an existing raft log; connecting to peers. 
raft2018/08/04 11:02:37 INFO: 1 became follower at term 1
raft2018/08/04 11:02:37 INFO: newRaft 1 [peers: [1], term: 1, commit: 1, applied: 1, lastindex: 1, lastterm: 1]
INFO [08-04|11:02:37] IPC endpoint opened: /media/ubuntu/HDD/Proyectos-IntelliJ/giveliback/qdata/node1/geth.ipc 
INFO [08-04|11:02:37] HTTP endpoint opened: http://0.0.0.0:22000 
INFO [08-04|11:02:38] Unlocked account                         address=0x3b6927fe4A4A4D44C3445292d375542CF299661C
raft2018/08/04 11:02:38 INFO: 1 is starting a new election at term 1
raft2018/08/04 11:02:38 INFO: 1 became candidate at term 2
raft2018/08/04 11:02:38 INFO: 1 received MsgVoteResp from 1 at term 2
raft2018/08/04 11:02:38 INFO: 1 became leader at term 2
raft2018/08/04 11:02:38 INFO: raft.node: 1 elected leader 1 at term 2
INFO [08-04|11:02:38] QUORUM-CHECKPOINT                        name=BECAME-MINTER
INFO [08-04|11:02:39] persisted the latest applied index       index=2
INFO [08-04|11:02:39] Not minting a new block since there are no pending transactions 
INFO [08-04|11:03:42] Starting peer-to-peer node               instance=Geth/v1.7.2-stable-43424382/linux-amd64/go1.7.3
INFO [08-04|11:03:42] Allocated cache and file handles         database=/media/ubuntu/HDD/Proyectos-IntelliJ/giveliback/qdata/node2/geth/chaindata cache=128 handles=1024
INFO [08-04|11:03:42] Initialised chain configuration          config="{ChainID: 10 Homestead: <nil> DAO: <nil> DAOSupport: false EIP150: 1 EIP155: 0 EIP158: 1 Byzantium: 1 IsQuorum: true Engine: unknown}"
WARN [08-04|11:03:42] Ethash used in full fake mode 
INFO [08-04|11:03:42] Initialising Ethereum protocol           versions="[63 62]" network=1
INFO [08-04|11:03:42] Loaded most recent local header          number=0 hash=64e3f2…8aeb0e td=0
INFO [08-04|11:03:42] Loaded most recent local full block      number=0 hash=64e3f2…8aeb0e td=0
INFO [08-04|11:03:42] Loaded most recent local fast block      number=0 hash=64e3f2…8aeb0e td=0
INFO [08-04|11:03:42] Loaded local transaction journal         transactions=0 dropped=0
INFO [08-04|11:03:42] Regenerated local transaction journal    transactions=0 accounts=0
Fatal: Raft-based consensus requires either (1) an initial peers list (in static-nodes.json) including this enode hash (fae7660b302b93184bebc6992438d4e4a9d6c5bafae15f5aacf27fbe370266512d2248d055d078e9fe6f522422af28574d75d463fc45b2187ff5ca3585c72793), or (2) the flag --raftjoinexisting RAFT_ID, where RAFT_ID has been issued by an existing cluster member calling `raft.addPeer(ENODE_ID)` with an enode ID containing this node's enode hash.
INFO [08-04|11:04:39] Starting peer-to-peer node               instance=Geth/v1.7.2-stable-43424382/linux-amd64/go1.7.3
INFO [08-04|11:04:39] Allocated cache and file handles         database=/media/ubuntu/HDD/Proyectos-IntelliJ/giveliback/qdata/node2/geth/chaindata cache=128 handles=1024
INFO [08-04|11:04:39] Initialised chain configuration          config="{ChainID: 10 Homestead: <nil> DAO: <nil> DAOSupport: false EIP150: 1 EIP155: 0 EIP158: 1 Byzantium: 1 IsQuorum: true Engine: unknown}"
WARN [08-04|11:04:39] Ethash used in full fake mode 
INFO [08-04|11:04:39] Initialising Ethereum protocol           versions="[63 62]" network=1
INFO [08-04|11:04:39] Loaded most recent local header          number=0 hash=64e3f2…8aeb0e td=0
INFO [08-04|11:04:39] Loaded most recent local full block      number=0 hash=64e3f2…8aeb0e td=0
INFO [08-04|11:04:39] Loaded most recent local fast block      number=0 hash=64e3f2…8aeb0e td=0
INFO [08-04|11:04:39] Loaded local transaction journal         transactions=0 dropped=0
INFO [08-04|11:04:39] Regenerated local transaction journal    transactions=0 accounts=0
Fatal: Raft-based consensus requires either (1) an initial peers list (in static-nodes.json) including this enode hash (fae7660b302b93184bebc6992438d4e4a9d6c5bafae15f5aacf27fbe370266512d2248d055d078e9fe6f522422af28574d75d463fc45b2187ff5ca3585c72793), or (2) the flag --raftjoinexisting RAFT_ID, where RAFT_ID has been issued by an existing cluster member calling `raft.addPeer(ENODE_ID)` with an enode ID containing this node's enode hash.
INFO [08-04|12:02:37] Regenerated local transaction journal    transactions=0 accounts=0
